Arguments: 
  C:\Program Files\nodejs\node.exe C:\Users\DVRD01\AppData\Roaming\npm\node_modules\yarn\bin\yarn.js install

PATH: 
  C:\ImageMagick-7.0.5-Q16;C:\Program Files\ImageMagick-7.0.5-Q16;C:\RailsInstaller\Git\cmd;C:\RailsInstaller\Ruby2.3.0\bin;C:\Program Files (x86)\Common Files\Intel\Shared Files\cpp\bin\Intel64;C:\ProgramData\Oracle\Java\javapath;C:\Program Files (x86)\STMicroelectronics\st_toolset\asm;C:\WINDOWS\system32;C:\WINDOWS;C:\WINDOWS\System32\Wbem;C:\WINDOWS\System32\WindowsPowerShell\v1.0\;C:\Program Files\Git\cmd;C:\msys\1.0\bin\;C:\Python27\;C:\Program Files (x86)\GNU Tools ARM Embedded\5.3 2016q1\bin;C:\Program Files (x86)\mingw-w64\i686-5.3.0-posix-dwarf-rt_v4-rev0\mingw32\bin;C:\Program Files (x86)\Pandoc;C:\Espressif\xtensa-lx106-elf\bin;C:\Program Files (x86)\gputils\bin;C:\Program Files (x86)\COSMIC\CXSTM8_EVAL;C:\Program Files (x86)\MarkdownPad 2;C:\Program Files\Sublime Text 3;C:\Program Files (x86)\Microsoft SQL Server\100\Tools\Binn\;C:\Program Files\Microsoft SQL Server\100\Tools\Binn\;C:\Program Files\Microsoft SQL Server\100\DTS\Binn\;C:\Espressif\utils\ESP8266;C:\Program Files (x86)\Skype\Phone\;C:\ImageMagick-7.0.5-Q16\include;C:\ImageMagick-7.0.5-Q16\lib;C:\ESP32\msys32\;C:\ESP32\esp-idf\;C:\Program Files\MongoDB\Server\3.4\bin\;C:\Program Files\nodejs\;C:\Program Files (x86)\Atmel\sam-ba_2.16\drv\;C:\Program Files (x86)\Atmel\sam-ba_2.16;C:\Users\DVRD01\AppData\Local\atom\bin;C:\Program Files\SDCC\bin;C:\Espressif\xtensa-lx106-elf\bin;C:\Program Files (x86)\gputils\bin;C:\Program Files (x86)\COSMIC\FSE_Compilers\CXSTM8;C:\Program Files (x86)\COSMIC\FSE_Compilers\CXSTM32;C:\Users\DVRD01\AppData\Local\Microsoft\WindowsApps;C:\Program Files\Microsoft VS Code\bin;C:\Users\DVRD01\AppData\Roaming\npm;C:\Program Files\Heroku\bin;

Yarn version: 
  0.27.5

Node version: 
  8.6.0

Platform: 
  win32 x64

npm manifest: 
  {
    "name": "angular-tour-of-heroes",
    "version": "0.0.0",
    "license": "MIT",
    "scripts": {
      "ng": "ng",
      "start": "ng serve",
      "build": "ng build",
      "test": "ng test",
      "lint": "ng lint",
      "e2e": "ng e2e"
    },
    "private": true,
    "dependencies": {
      "@angular/animations": "^5.0.0",
      "@angular/common": "^5.0.0",
      "@angular/compiler": "^5.0.0",
      "@angular/core": "^5.0.0",
      "@angular/forms": "^5.0.0",
      "@angular/http": "^5.0.0",
      "@angular/platform-browser": "^5.0.0",
      "@angular/platform-browser-dynamic": "^5.0.0",
      "@angular/router": "^5.0.0",
      "core-js": "^2.4.1",
      "rxjs": "^5.5.2",
      "zone.js": "^0.8.14"
    },
    "devDependencies": {
      "@angular/cli": "1.5.2",
      "@angular/compiler-cli": "^5.0.0",
      "@angular/language-service": "^5.0.0",
      "@types/jasmine": "~2.5.53",
      "@types/jasminewd2": "~2.0.2",
      "@types/node": "~6.0.60",
      "codelyzer": "~3.2.0",
      "jasmine-core": "~2.6.2",
      "jasmine-spec-reporter": "~4.1.0",
      "karma": "~1.7.0",
      "karma-chrome-launcher": "~2.1.1",
      "karma-cli": "~1.0.1",
      "karma-coverage-istanbul-reporter": "^1.2.1",
      "karma-jasmine": "~1.1.0",
      "karma-jasmine-html-reporter": "^0.2.2",
      "protractor": "~5.1.2",
      "ts-node": "~3.2.0",
      "tslint": "~5.7.0",
      "typescript": "~2.4.2"
    }
  }

yarn manifest: 
  No manifest

Lockfile: 
  No lockfile

Trace: 
  Error: https://registry.yarnpkg.com/@angular/common/-/common-5.1.3.tgz: ESOCKETTIMEDOUT
      at ClientRequest.<anonymous> (C:\Users\DVRD01\AppData\Roaming\npm\node_modules\yarn\node_modules\request\request.js:819:19)
      at Object.onceWrapper (events.js:314:30)
      at emitNone (events.js:105:13)
      at ClientRequest.emit (events.js:207:7)
      at TLSSocket.emitTimeout (_http_client.js:722:34)
      at Object.onceWrapper (events.js:314:30)
      at emitNone (events.js:105:13)
      at TLSSocket.emit (events.js:207:7)
      at TLSSocket.Socket._onTimeout (net.js:400:8)
      at ontimeout (timers.js:469:11)
